<?xml version="1.0" encoding="UTF-8"?>
<!-- Generated by org.testng.reporters.JUnitXMLReporter -->
<testsuite hostname="Oksanas-MBP.fios-router.home" ignored="1" name="test class02" tests="7" failures="3" timestamp="2020-05-27T14:42:41 EDT" time="36.996" errors="0">
  <testcase name="fourhMethod" time="0.001" classname="com.class02.Tesk"/>
  <testcase name="thirdMethod" time="0.0" classname="com.class02.Tesk"/>
  <testcase name="secondMethod" time="0.001" classname="com.class02.Tesk"/>
  <testcase name="firstMethod" time="0.001" classname="com.class02.Tesk"/>
  <testcase name="logoPageElement" time="0.213" classname="com.class02.AssertionDemo">
    <failure type="java.lang.IllegalArgumentException" message="Keys to send should be a not null CharSequence">
      <![CDATA[java.lang.IllegalArgumentException: Keys to send should be a not null CharSequence
at org.openqa.selenium.remote.RemoteWebElement.sendKeys(RemoteWebElement.java:97)
at org.openqa.selenium.support.pagefactory.internal.LocatingElementHandler.invoke(LocatingElementHandler.java:51)
at com.sun.proxy.$Proxy9.sendKeys(Unknown Source)
at com.utils.CommonMethods.sendText(CommonMethods.java:27)
at com.class02.AssertionDemo.logoPageElement(AssertionDemo.java:23)
at java.util.ArrayList.forEach(ArrayList.java:1257)
... Removed 31 stack frames]]>
    </failure>
  </testcase> <!-- logoPageElement -->
  <testcase name="logoValidation" time="13.606" classname="com.class02.Tesk2">
    <failure type="org.openqa.selenium.NoSuchElementException" message="Cannot locate an element using xpath=//div[@class=&amp;apos;product_label&amp;apos;]
For documentation on this error, please visit: https://www.seleniumhq.org/exceptions/no_such_element.html
Build info: version: &amp;apos;3.141.59&amp;apos;, revision: &amp;apos;e82be7d358&amp;apos;, time: &amp;apos;2018-11-14T08:25:48&amp;apos;
System info: host: &amp;apos;Oksanas-MBP.fios-router.home&amp;apos;, ip: &amp;apos;fe80:0:0:0:c35:7376:e3e9:cfb6%en0&amp;apos;, os.name: &amp;apos;Mac OS X&amp;apos;, os.arch: &amp;apos;x86_64&amp;apos;, os.version: &amp;apos;10.14.6&amp;apos;, java.version: &amp;apos;1.8.0_241&amp;apos;
Driver info: driver.version: RemoteWebDriver">
      <![CDATA[org.openqa.selenium.NoSuchElementException: Cannot locate an element using xpath=//div[@class='product_label']
For documentation on this error, please visit: https://www.seleniumhq.org/exceptions/no_such_element.html
Build info: version: '3.141.59', revision: 'e82be7d358', time: '2018-11-14T08:25:48'
System info: host: 'Oksanas-MBP.fios-router.home', ip: 'fe80:0:0:0:c35:7376:e3e9:cfb6%en0', os.name: 'Mac OS X', os.arch: 'x86_64', os.version: '10.14.6', java.version: '1.8.0_241'
Driver info: driver.version: RemoteWebDriver
at org.openqa.selenium.remote.RemoteWebDriver.findElement(RemoteWebDriver.java:327)
at org.openqa.selenium.remote.RemoteWebDriver.findElementByXPath(RemoteWebDriver.java:428)
at org.openqa.selenium.By$ByXPath.findElement(By.java:353)
at org.openqa.selenium.remote.RemoteWebDriver.findElement(RemoteWebDriver.java:315)
at com.class02.Tesk2.logoValidation(Tesk2.java:27)
at java.util.ArrayList.forEach(ArrayList.java:1257)
... Removed 27 stack frames]]>
    </failure>
  </testcase> <!-- logoValidation -->
  <testcase name="select" time="8.992" classname="com.class02.Tesk2">
    <failure type="org.openqa.selenium.NoSuchElementException" message="Cannot locate an element using xpath=//select[@class=&amp;apos;product_sort_container&amp;apos;]
For documentation on this error, please visit: https://www.seleniumhq.org/exceptions/no_such_element.html
Build info: version: &amp;apos;3.141.59&amp;apos;, revision: &amp;apos;e82be7d358&amp;apos;, time: &amp;apos;2018-11-14T08:25:48&amp;apos;
System info: host: &amp;apos;Oksanas-MBP.fios-router.home&amp;apos;, ip: &amp;apos;fe80:0:0:0:c35:7376:e3e9:cfb6%en0&amp;apos;, os.name: &amp;apos;Mac OS X&amp;apos;, os.arch: &amp;apos;x86_64&amp;apos;, os.version: &amp;apos;10.14.6&amp;apos;, java.version: &amp;apos;1.8.0_241&amp;apos;
Driver info: driver.version: RemoteWebDriver">
      <![CDATA[org.openqa.selenium.NoSuchElementException: Cannot locate an element using xpath=//select[@class='product_sort_container']
For documentation on this error, please visit: https://www.seleniumhq.org/exceptions/no_such_element.html
Build info: version: '3.141.59', revision: 'e82be7d358', time: '2018-11-14T08:25:48'
System info: host: 'Oksanas-MBP.fios-router.home', ip: 'fe80:0:0:0:c35:7376:e3e9:cfb6%en0', os.name: 'Mac OS X', os.arch: 'x86_64', os.version: '10.14.6', java.version: '1.8.0_241'
Driver info: driver.version: RemoteWebDriver
at org.openqa.selenium.remote.RemoteWebDriver.findElement(RemoteWebDriver.java:327)
at org.openqa.selenium.remote.RemoteWebDriver.findElementByXPath(RemoteWebDriver.java:428)
at org.openqa.selenium.By$ByXPath.findElement(By.java:353)
at org.openqa.selenium.remote.RemoteWebDriver.findElement(RemoteWebDriver.java:315)
at com.class02.Tesk2.select(Tesk2.java:40)
at java.util.ArrayList.forEach(ArrayList.java:1257)
... Removed 27 stack frames]]>
    </failure>
  </testcase> <!-- select -->
  <testcase name="firstMethod1" time="0.0" classname="com.class02.Tesk">
    <ignored/>
  </testcase> <!-- firstMethod1 -->
</testsuite> <!-- test class02 -->
