<?xml version="1.0" encoding="UTF-8"?>
<!-- Generated by org.testng.reporters.JUnitXMLReporter -->
<testsuite hostname="Oksanas-MBP.fios-router.home" ignored="0" name="Test" tests="4" failures="1" timestamp="2020-05-26T20:48:18 EDT" time="2031.896" errors="0">
  <testcase name="validLogin" time="4.194" classname="com.class01.ApplicationLogin"/>
  <testcase name="logoValidation" time="14.03" classname="com.class01.TitleLoginAndLogo">
    <failure type="org.openqa.selenium.NoSuchElementException" message="Cannot locate an element using xpath=//div[@id=&amp;apos;branding&amp;apos;]/a[1]/img
For documentation on this error, please visit: https://www.seleniumhq.org/exceptions/no_such_element.html
Build info: version: &amp;apos;3.141.59&amp;apos;, revision: &amp;apos;e82be7d358&amp;apos;, time: &amp;apos;2018-11-14T08:25:48&amp;apos;
System info: host: &amp;apos;Oksanas-MBP.fios-router.home&amp;apos;, ip: &amp;apos;fe80:0:0:0:1491:4720:ef04:9c05%en0&amp;apos;, os.name: &amp;apos;Mac OS X&amp;apos;, os.arch: &amp;apos;x86_64&amp;apos;, os.version: &amp;apos;10.14.6&amp;apos;, java.version: &amp;apos;1.8.0_241&amp;apos;
Driver info: driver.version: RemoteWebDriver">
      <![CDATA[org.openqa.selenium.NoSuchElementException: Cannot locate an element using xpath=//div[@id='branding']/a[1]/img
For documentation on this error, please visit: https://www.seleniumhq.org/exceptions/no_such_element.html
Build info: version: '3.141.59', revision: 'e82be7d358', time: '2018-11-14T08:25:48'
System info: host: 'Oksanas-MBP.fios-router.home', ip: 'fe80:0:0:0:1491:4720:ef04:9c05%en0', os.name: 'Mac OS X', os.arch: 'x86_64', os.version: '10.14.6', java.version: '1.8.0_241'
Driver info: driver.version: RemoteWebDriver
at org.openqa.selenium.remote.RemoteWebDriver.findElement(RemoteWebDriver.java:327)
at org.openqa.selenium.remote.RemoteWebDriver.findElementByXPath(RemoteWebDriver.java:428)
at org.openqa.selenium.By$ByXPath.findElement(By.java:353)
at org.openqa.selenium.remote.RemoteWebDriver.findElement(RemoteWebDriver.java:315)
at com.class01.TitleLoginAndLogo.logoValidation(TitleLoginAndLogo.java:28)
at java.util.ArrayList.forEach(ArrayList.java:1257)
... Removed 27 stack frames]]>
    </failure>
  </testcase> <!-- logoValidation -->
  <testcase name="titleValidation" time="0.012" classname="com.class01.TitleLoginAndLogo"/>
  <testcase name="validLogin" time="2002.056" classname="com.class01.TitleLoginAndLogo"/>
</testsuite> <!-- Test -->
