<?xml version="1.0" encoding="UTF-8"?>
<!-- Generated by org.testng.reporters.JUnitXMLReporter -->
<testsuite hostname="Oksanas-MBP.fios-router.home" ignored="1" name="Test class01" tests="3" failures="0" timestamp="2020-05-27T15:47:39 EDT" time="2.488" errors="0">
  <testcase name="@BeforeMethod setUp" time="1.626" classname="com.utils.BaseClass">
    <failure type="org.openqa.selenium.SessionNotCreatedException" message="session not created: This version of ChromeDriver only supports Chrome version 80
Build info: version: &amp;apos;3.141.59&amp;apos;, revision: &amp;apos;e82be7d358&amp;apos;, time: &amp;apos;2018-11-14T08:25:48&amp;apos;
System info: host: &amp;apos;Oksanas-MBP.fios-router.home&amp;apos;, ip: &amp;apos;fe80:0:0:0:c35:7376:e3e9:cfb6%en0&amp;apos;, os.name: &amp;apos;Mac OS X&amp;apos;, os.arch: &amp;apos;x86_64&amp;apos;, os.version: &amp;apos;10.14.6&amp;apos;, java.version: &amp;apos;1.8.0_241&amp;apos;
Driver info: driver.version: ChromeDriver
remote stacktrace: 0   chromedriver                        0x0000000100e62329 chromedriver + 3838761
1   chromedriver                        0x0000000100dfc123 chromedriver + 3420451
2   chromedriver                        0x0000000100b7062f chromedriver + 751151
3   chromedriver                        0x0000000100ad1fa6 chromedriver + 102310
4   chromedriver                        0x0000000100acdf7f chromedriver + 85887
5   chromedriver                        0x0000000100afd473 chromedriver + 279667
6   chromedriver                        0x0000000100afa2b3 chromedriver + 266931
7   chromedriver                        0x0000000100ad40bd chromedriver + 110781
8   chromedriver                        0x0000000100ad5055 chromedriver + 114773
9   chromedriver                        0x0000000100e23ebf chromedriver + 3583679
10  chromedriver                        0x0000000100e30e4a chromedriver + 3636810
11  chromedriver                        0x0000000100e30be7 chromedriver + 3636199
12  chromedriver                        0x0000000100e07839 chromedriver + 3467321
13  chromedriver                        0x0000000100e31707 chromedriver + 3639047
14  chromedriver                        0x0000000100e19cc7 chromedriver + 3542215
15  chromedriver                        0x0000000100e47324 chromedriver + 3728164
16  chromedriver                        0x0000000100e68387 chromedriver + 3863431
17  libsystem_pthread.dylib             0x00007fff783f22eb _pthread_body + 126
18  libsystem_pthread.dylib             0x00007fff783f5249 _pthread_start + 66
19  libsystem_pthread.dylib             0x00007fff783f140d thread_start + 13
">
      <![CDATA[org.openqa.selenium.SessionNotCreatedException: session not created: This version of ChromeDriver only supports Chrome version 80
Build info: version: '3.141.59', revision: 'e82be7d358', time: '2018-11-14T08:25:48'
System info: host: 'Oksanas-MBP.fios-router.home', ip: 'fe80:0:0:0:c35:7376:e3e9:cfb6%en0', os.name: 'Mac OS X', os.arch: 'x86_64', os.version: '10.14.6', java.version: '1.8.0_241'
Driver info: driver.version: ChromeDriver
remote stacktrace: 0   chromedriver                        0x0000000100e62329 chromedriver + 3838761
1   chromedriver                        0x0000000100dfc123 chromedriver + 3420451
2   chromedriver                        0x0000000100b7062f chromedriver + 751151
3   chromedriver                        0x0000000100ad1fa6 chromedriver + 102310
4   chromedriver                        0x0000000100acdf7f chromedriver + 85887
5   chromedriver                        0x0000000100afd473 chromedriver + 279667
6   chromedriver                        0x0000000100afa2b3 chromedriver + 266931
7   chromedriver                        0x0000000100ad40bd chromedriver + 110781
8   chromedriver                        0x0000000100ad5055 chromedriver + 114773
9   chromedriver                        0x0000000100e23ebf chromedriver + 3583679
10  chromedriver                        0x0000000100e30e4a chromedriver + 3636810
11  chromedriver                        0x0000000100e30be7 chromedriver + 3636199
12  chromedriver                        0x0000000100e07839 chromedriver + 3467321
13  chromedriver                        0x0000000100e31707 chromedriver + 3639047
14  chromedriver                        0x0000000100e19cc7 chromedriver + 3542215
15  chromedriver                        0x0000000100e47324 chromedriver + 3728164
16  chromedriver                        0x0000000100e68387 chromedriver + 3863431
17  libsystem_pthread.dylib             0x00007fff783f22eb _pthread_body + 126
18  libsystem_pthread.dylib             0x00007fff783f5249 _pthread_start + 66
19  libsystem_pthread.dylib             0x00007fff783f140d thread_start + 13

at org.openqa.selenium.remote.W3CHandshakeResponse.lambda$errorHandler$0(W3CHandshakeResponse.java:62)
at org.openqa.selenium.remote.HandshakeResponse.lambda$getResponseFunction$0(HandshakeResponse.java:30)
at org.openqa.selenium.remote.ProtocolHandshake.lambda$createSession$0(ProtocolHandshake.java:126)
at java.util.stream.ReferencePipeline$3$1.accept(ReferencePipeline.java:193)
at java.util.Spliterators$ArraySpliterator.tryAdvance(Spliterators.java:958)
at java.util.stream.ReferencePipeline.forEachWithCancel(ReferencePipeline.java:126)
at java.util.stream.AbstractPipeline.copyIntoWithCancel(AbstractPipeline.java:499)
at java.util.stream.AbstractPipeline.copyInto(AbstractPipeline.java:486)
at java.util.stream.AbstractPipeline.wrapAndCopyInto(AbstractPipeline.java:472)
at java.util.stream.FindOps$FindOp.evaluateSequential(FindOps.java:152)
at java.util.stream.AbstractPipeline.evaluate(AbstractPipeline.java:234)
at java.util.stream.ReferencePipeline.findFirst(ReferencePipeline.java:464)
at org.openqa.selenium.remote.ProtocolHandshake.createSession(ProtocolHandshake.java:128)
at org.openqa.selenium.remote.ProtocolHandshake.createSession(ProtocolHandshake.java:74)
at org.openqa.selenium.remote.HttpCommandExecutor.execute(HttpCommandExecutor.java:136)
at org.openqa.selenium.remote.service.DriverCommandExecutor.execute(DriverCommandExecutor.java:83)
at org.openqa.selenium.remote.RemoteWebDriver.execute(RemoteWebDriver.java:552)
at org.openqa.selenium.remote.RemoteWebDriver.startSession(RemoteWebDriver.java:213)
at org.openqa.selenium.remote.RemoteWebDriver.<init>(RemoteWebDriver.java:131)
at org.openqa.selenium.chrome.ChromeDriver.<init>(ChromeDriver.java:181)
at org.openqa.selenium.chrome.ChromeDriver.<init>(ChromeDriver.java:168)
at org.openqa.selenium.chrome.ChromeDriver.<init>(ChromeDriver.java:123)
at com.utils.BaseClass.setUp(BaseClass.java:23)
at java.util.ArrayList.forEach(ArrayList.java:1257)
... Removed 35 stack frames]]>
    </failure>
  </testcase> <!-- @BeforeMethod setUp -->
  <testcase name="@AfterMethod tearDown" time="-1.590608858881E9" classname="com.utils.BaseClass">
    <skipped/>
  </testcase> <!-- @AfterMethod tearDown -->
  <testcase name="@BeforeMethod setUp" time="-1.590608858882E9" classname="com.utils.BaseClass">
    <skipped/>
  </testcase> <!-- @BeforeMethod setUp -->
  <testcase name="@AfterMethod tearDown" time="-1.590608858887E9" classname="com.utils.BaseClass">
    <skipped/>
  </testcase> <!-- @AfterMethod tearDown -->
  <testcase name="@BeforeMethod setUp" time="0.809" classname="com.utils.BaseClass">
    <failure type="org.openqa.selenium.SessionNotCreatedException" message="session not created: This version of ChromeDriver only supports Chrome version 80
Build info: version: &amp;apos;3.141.59&amp;apos;, revision: &amp;apos;e82be7d358&amp;apos;, time: &amp;apos;2018-11-14T08:25:48&amp;apos;
System info: host: &amp;apos;Oksanas-MBP.fios-router.home&amp;apos;, ip: &amp;apos;fe80:0:0:0:c35:7376:e3e9:cfb6%en0&amp;apos;, os.name: &amp;apos;Mac OS X&amp;apos;, os.arch: &amp;apos;x86_64&amp;apos;, os.version: &amp;apos;10.14.6&amp;apos;, java.version: &amp;apos;1.8.0_241&amp;apos;
Driver info: driver.version: ChromeDriver
remote stacktrace: 0   chromedriver                        0x0000000107034329 chromedriver + 3838761
1   chromedriver                        0x0000000106fce123 chromedriver + 3420451
2   chromedriver                        0x0000000106d4262f chromedriver + 751151
3   chromedriver                        0x0000000106ca3fa6 chromedriver + 102310
4   chromedriver                        0x0000000106c9ff7f chromedriver + 85887
5   chromedriver                        0x0000000106ccf473 chromedriver + 279667
6   chromedriver                        0x0000000106ccc2b3 chromedriver + 266931
7   chromedriver                        0x0000000106ca60bd chromedriver + 110781
8   chromedriver                        0x0000000106ca7055 chromedriver + 114773
9   chromedriver                        0x0000000106ff5ebf chromedriver + 3583679
10  chromedriver                        0x0000000107002e4a chromedriver + 3636810
11  chromedriver                        0x0000000107002be7 chromedriver + 3636199
12  chromedriver                        0x0000000106fd9839 chromedriver + 3467321
13  chromedriver                        0x0000000107003707 chromedriver + 3639047
14  chromedriver                        0x0000000106febcc7 chromedriver + 3542215
15  chromedriver                        0x0000000107019324 chromedriver + 3728164
16  chromedriver                        0x000000010703a387 chromedriver + 3863431
17  libsystem_pthread.dylib             0x00007fff783f22eb _pthread_body + 126
18  libsystem_pthread.dylib             0x00007fff783f5249 _pthread_start + 66
19  libsystem_pthread.dylib             0x00007fff783f140d thread_start + 13
">
      <![CDATA[org.openqa.selenium.SessionNotCreatedException: session not created: This version of ChromeDriver only supports Chrome version 80
Build info: version: '3.141.59', revision: 'e82be7d358', time: '2018-11-14T08:25:48'
System info: host: 'Oksanas-MBP.fios-router.home', ip: 'fe80:0:0:0:c35:7376:e3e9:cfb6%en0', os.name: 'Mac OS X', os.arch: 'x86_64', os.version: '10.14.6', java.version: '1.8.0_241'
Driver info: driver.version: ChromeDriver
remote stacktrace: 0   chromedriver                        0x0000000107034329 chromedriver + 3838761
1   chromedriver                        0x0000000106fce123 chromedriver + 3420451
2   chromedriver                        0x0000000106d4262f chromedriver + 751151
3   chromedriver                        0x0000000106ca3fa6 chromedriver + 102310
4   chromedriver                        0x0000000106c9ff7f chromedriver + 85887
5   chromedriver                        0x0000000106ccf473 chromedriver + 279667
6   chromedriver                        0x0000000106ccc2b3 chromedriver + 266931
7   chromedriver                        0x0000000106ca60bd chromedriver + 110781
8   chromedriver                        0x0000000106ca7055 chromedriver + 114773
9   chromedriver                        0x0000000106ff5ebf chromedriver + 3583679
10  chromedriver                        0x0000000107002e4a chromedriver + 3636810
11  chromedriver                        0x0000000107002be7 chromedriver + 3636199
12  chromedriver                        0x0000000106fd9839 chromedriver + 3467321
13  chromedriver                        0x0000000107003707 chromedriver + 3639047
14  chromedriver                        0x0000000106febcc7 chromedriver + 3542215
15  chromedriver                        0x0000000107019324 chromedriver + 3728164
16  chromedriver                        0x000000010703a387 chromedriver + 3863431
17  libsystem_pthread.dylib             0x00007fff783f22eb _pthread_body + 126
18  libsystem_pthread.dylib             0x00007fff783f5249 _pthread_start + 66
19  libsystem_pthread.dylib             0x00007fff783f140d thread_start + 13

at org.openqa.selenium.remote.W3CHandshakeResponse.lambda$errorHandler$0(W3CHandshakeResponse.java:62)
at org.openqa.selenium.remote.HandshakeResponse.lambda$getResponseFunction$0(HandshakeResponse.java:30)
at org.openqa.selenium.remote.ProtocolHandshake.lambda$createSession$0(ProtocolHandshake.java:126)
at java.util.stream.ReferencePipeline$3$1.accept(ReferencePipeline.java:193)
at java.util.Spliterators$ArraySpliterator.tryAdvance(Spliterators.java:958)
at java.util.stream.ReferencePipeline.forEachWithCancel(ReferencePipeline.java:126)
at java.util.stream.AbstractPipeline.copyIntoWithCancel(AbstractPipeline.java:499)
at java.util.stream.AbstractPipeline.copyInto(AbstractPipeline.java:486)
at java.util.stream.AbstractPipeline.wrapAndCopyInto(AbstractPipeline.java:472)
at java.util.stream.FindOps$FindOp.evaluateSequential(FindOps.java:152)
at java.util.stream.AbstractPipeline.evaluate(AbstractPipeline.java:234)
at java.util.stream.ReferencePipeline.findFirst(ReferencePipeline.java:464)
at org.openqa.selenium.remote.ProtocolHandshake.createSession(ProtocolHandshake.java:128)
at org.openqa.selenium.remote.ProtocolHandshake.createSession(ProtocolHandshake.java:74)
at org.openqa.selenium.remote.HttpCommandExecutor.execute(HttpCommandExecutor.java:136)
at org.openqa.selenium.remote.service.DriverCommandExecutor.execute(DriverCommandExecutor.java:83)
at org.openqa.selenium.remote.RemoteWebDriver.execute(RemoteWebDriver.java:552)
at org.openqa.selenium.remote.RemoteWebDriver.startSession(RemoteWebDriver.java:213)
at org.openqa.selenium.remote.RemoteWebDriver.<init>(RemoteWebDriver.java:131)
at org.openqa.selenium.chrome.ChromeDriver.<init>(ChromeDriver.java:181)
at org.openqa.selenium.chrome.ChromeDriver.<init>(ChromeDriver.java:168)
at org.openqa.selenium.chrome.ChromeDriver.<init>(ChromeDriver.java:123)
at com.utils.BaseClass.setUp(BaseClass.java:23)
at java.util.ArrayList.forEach(ArrayList.java:1257)
... Removed 35 stack frames]]>
    </failure>
  </testcase> <!-- @BeforeMethod setUp -->
  <testcase name="@AfterMethod tearDown" time="-1.590608859708E9" classname="com.utils.BaseClass">
    <skipped/>
  </testcase> <!-- @AfterMethod tearDown -->
  <testcase name="logoValidation" time="0.0" classname="com.class01.TitleLoginAndLogo">
    <skipped/>
  </testcase> <!-- logoValidation -->
  <testcase name="validLogin" time="0.0" classname="com.class01.TitleLoginAndLogo">
    <skipped/>
  </testcase> <!-- validLogin -->
  <testcase name="validLogin" time="0.0" classname="com.class01.ApplicationLogin">
    <skipped/>
  </testcase> <!-- validLogin -->
  <testcase name="titleValidation" time="0.0" classname="com.class01.TitleLoginAndLogo">
    <ignored/>
  </testcase> <!-- titleValidation -->
</testsuite> <!-- Test class01 -->
