<?xml version="1.0" encoding="UTF-8"?>
<!-- Generated by org.testng.reporters.JUnitReportReporter -->
<testsuite skipped="2" hostname="Oksanas-MBP.fios-router.home" name="com.class01.TitleLoginAndLogo" tests="3" failures="0" timestamp="2020-05-27T15:47:39 EDT" time="1.626" errors="1">
  <testcase name="validLogin" time="0.000" classname="com.class01.TitleLoginAndLogo">
    <skipped/>
  </testcase> <!-- validLogin -->
  <system-out/>
  <testcase name="setUp" time="1.626" classname="com.class01.TitleLoginAndLogo">
    <error type="org.openqa.selenium.SessionNotCreatedException" message="session not created: This version of ChromeDriver only supports Chrome version 80
Build info: version: &#039;3.141.59&#039;, revision: &#039;e82be7d358&#039;, time: &#039;2018-11-14T08:25:48&#039;
System info: host: &#039;Oksanas-MBP.fios-router.home&#039;, ip: &#039;fe80:0:0:0:c35:7376:e3e9:cfb6%en0&#039;, os.name: &#039;Mac OS X&#039;, os.arch: &#039;x86_64&#039;, os.version: &#039;10.14.6&#039;, java.version: &#039;1.8.0_241&#039;
Driver info: driver.version: ChromeDriver
remote stacktrace: 0   chromedriver                        0x0000000100e62329 chromedriver + 3838761
1   chromedriver                        0x0000000100dfc123 chromedriver + 3420451
2   chromedriver                        0x0000000100b7062f chromedriver + 751151
3   chromedriver                        0x0000000100ad1fa6 chromedriver + 102310
4   chromedriver                        0x0000000100acdf7f chromedriver + 85887
5   chromedriver                        0x0000000100afd473 chromedriver + 279667
6   chromedriver                        0x0000000100afa2b3 chromedriver + 266931
7   chromedriver                        0x0000000100ad40bd chromedriver + 110781
8   chromedriver                        0x0000000100ad5055 chromedriver + 114773
9   chromedriver                        0x0000000100e23ebf chromedriver + 3583679
10  chromedriver                        0x0000000100e30e4a chromedriver + 3636810
11  chromedriver                        0x0000000100e30be7 chromedriver + 3636199
12  chromedriver                        0x0000000100e07839 chromedriver + 3467321
13  chromedriver                        0x0000000100e31707 chromedriver + 3639047
14  chromedriver                        0x0000000100e19cc7 chromedriver + 3542215
15  chromedriver                        0x0000000100e47324 chromedriver + 3728164
16  chromedriver                        0x0000000100e68387 chromedriver + 3863431
17  libsystem_pthread.dylib             0x00007fff783f22eb _pthread_body + 126
18  libsystem_pthread.dylib             0x00007fff783f5249 _pthread_start + 66
19  libsystem_pthread.dylib             0x00007fff783f140d thread_start + 13
">
      <![CDATA[org.openqa.selenium.SessionNotCreatedException: session not created: This version of ChromeDriver only supports Chrome version 80
Build info: version: '3.141.59', revision: 'e82be7d358', time: '2018-11-14T08:25:48'
System info: host: 'Oksanas-MBP.fios-router.home', ip: 'fe80:0:0:0:c35:7376:e3e9:cfb6%en0', os.name: 'Mac OS X', os.arch: 'x86_64', os.version: '10.14.6', java.version: '1.8.0_241'
Driver info: driver.version: ChromeDriver
remote stacktrace: 0   chromedriver                        0x0000000100e62329 chromedriver + 3838761
1   chromedriver                        0x0000000100dfc123 chromedriver + 3420451
2   chromedriver                        0x0000000100b7062f chromedriver + 751151
3   chromedriver                        0x0000000100ad1fa6 chromedriver + 102310
4   chromedriver                        0x0000000100acdf7f chromedriver + 85887
5   chromedriver                        0x0000000100afd473 chromedriver + 279667
6   chromedriver                        0x0000000100afa2b3 chromedriver + 266931
7   chromedriver                        0x0000000100ad40bd chromedriver + 110781
8   chromedriver                        0x0000000100ad5055 chromedriver + 114773
9   chromedriver                        0x0000000100e23ebf chromedriver + 3583679
10  chromedriver                        0x0000000100e30e4a chromedriver + 3636810
11  chromedriver                        0x0000000100e30be7 chromedriver + 3636199
12  chromedriver                        0x0000000100e07839 chromedriver + 3467321
13  chromedriver                        0x0000000100e31707 chromedriver + 3639047
14  chromedriver                        0x0000000100e19cc7 chromedriver + 3542215
15  chromedriver                        0x0000000100e47324 chromedriver + 3728164
16  chromedriver                        0x0000000100e68387 chromedriver + 3863431
17  libsystem_pthread.dylib             0x00007fff783f22eb _pthread_body + 126
18  libsystem_pthread.dylib             0x00007fff783f5249 _pthread_start + 66
19  libsystem_pthread.dylib             0x00007fff783f140d thread_start + 13

at sun.reflect.NativeConstructorAccessorImpl.newInstance0(Native Method)
at sun.reflect.NativeConstructorAccessorImpl.newInstance(NativeConstructorAccessorImpl.java:62)
at sun.reflect.DelegatingConstructorAccessorImpl.newInstance(DelegatingConstructorAccessorImpl.java:45)
at java.lang.reflect.Constructor.newInstance(Constructor.java:423)
at org.openqa.selenium.remote.W3CHandshakeResponse.lambda$errorHandler$0(W3CHandshakeResponse.java:62)
at org.openqa.selenium.remote.HandshakeResponse.lambda$getResponseFunction$0(HandshakeResponse.java:30)
at org.openqa.selenium.remote.ProtocolHandshake.lambda$createSession$0(ProtocolHandshake.java:126)
at java.util.stream.ReferencePipeline$3$1.accept(ReferencePipeline.java:193)
at java.util.Spliterators$ArraySpliterator.tryAdvance(Spliterators.java:958)
at java.util.stream.ReferencePipeline.forEachWithCancel(ReferencePipeline.java:126)
at java.util.stream.AbstractPipeline.copyIntoWithCancel(AbstractPipeline.java:499)
at java.util.stream.AbstractPipeline.copyInto(AbstractPipeline.java:486)
at java.util.stream.AbstractPipeline.wrapAndCopyInto(AbstractPipeline.java:472)
at java.util.stream.FindOps$FindOp.evaluateSequential(FindOps.java:152)
at java.util.stream.AbstractPipeline.evaluate(AbstractPipeline.java:234)
at java.util.stream.ReferencePipeline.findFirst(ReferencePipeline.java:464)
at org.openqa.selenium.remote.ProtocolHandshake.createSession(ProtocolHandshake.java:128)
at org.openqa.selenium.remote.ProtocolHandshake.createSession(ProtocolHandshake.java:74)
at org.openqa.selenium.remote.HttpCommandExecutor.execute(HttpCommandExecutor.java:136)
at org.openqa.selenium.remote.service.DriverCommandExecutor.execute(DriverCommandExecutor.java:83)
at org.openqa.selenium.remote.RemoteWebDriver.execute(RemoteWebDriver.java:552)
at org.openqa.selenium.remote.RemoteWebDriver.startSession(RemoteWebDriver.java:213)
at org.openqa.selenium.remote.RemoteWebDriver.<init>(RemoteWebDriver.java:131)
at org.openqa.selenium.chrome.ChromeDriver.<init>(ChromeDriver.java:181)
at org.openqa.selenium.chrome.ChromeDriver.<init>(ChromeDriver.java:168)
at org.openqa.selenium.chrome.ChromeDriver.<init>(ChromeDriver.java:123)
at com.utils.BaseClass.setUp(BaseClass.java:23)
at sun.reflect.NativeMethodAccessorImpl.invoke0(Native Method)
at sun.reflect.NativeMethodAccessorImpl.invoke(NativeMethodAccessorImpl.java:62)
at sun.reflect.DelegatingMethodAccessorImpl.invoke(DelegatingMethodAccessorImpl.java:43)
at java.lang.reflect.Method.invoke(Method.java:498)
at org.testng.internal.MethodInvocationHelper.invokeMethod(MethodInvocationHelper.java:135)
at org.testng.internal.MethodInvocationHelper.invokeMethodConsideringTimeout(MethodInvocationHelper.java:64)
at org.testng.internal.ConfigInvoker.invokeConfigurationMethod(ConfigInvoker.java:364)
at org.testng.internal.ConfigInvoker.invokeConfigurations(ConfigInvoker.java:318)
at org.testng.internal.TestInvoker.runConfigMethods(TestInvoker.java:700)
at org.testng.internal.TestInvoker.invokeMethod(TestInvoker.java:527)
at org.testng.internal.TestInvoker.invokeTestMethod(TestInvoker.java:174)
at org.testng.internal.MethodRunner.runInSequence(MethodRunner.java:46)
at org.testng.internal.TestInvoker$MethodInvocationAgent.invoke(TestInvoker.java:821)
at org.testng.internal.TestInvoker.invokeTestMethods(TestInvoker.java:147)
at org.testng.internal.TestMethodWorker.invokeTestMethods(TestMethodWorker.java:146)
at org.testng.internal.TestMethodWorker.run(TestMethodWorker.java:128)
at java.util.ArrayList.forEach(ArrayList.java:1257)
at org.testng.TestRunner.privateRun(TestRunner.java:767)
at org.testng.TestRunner.run(TestRunner.java:588)
at org.testng.SuiteRunner.runTest(SuiteRunner.java:384)
at org.testng.SuiteRunner.runSequentially(SuiteRunner.java:378)
at org.testng.SuiteRunner.privateRun(SuiteRunner.java:337)
at org.testng.SuiteRunner.run(SuiteRunner.java:286)
at org.testng.SuiteRunnerWorker.runSuite(SuiteRunnerWorker.java:53)
at org.testng.SuiteRunnerWorker.run(SuiteRunnerWorker.java:96)
at org.testng.TestNG.runSuitesSequentially(TestNG.java:1214)
at org.testng.TestNG.runSuitesLocally(TestNG.java:1136)
at org.testng.TestNG.runSuites(TestNG.java:1066)
at org.testng.TestNG.run(TestNG.java:1034)
at org.testng.remote.AbstractRemoteTestNG.run(AbstractRemoteTestNG.java:115)
at org.testng.remote.RemoteTestNG.initAndRun(RemoteTestNG.java:251)
at org.testng.remote.RemoteTestNG.main(RemoteTestNG.java:77)
]]>
    </error>
  </testcase> <!-- setUp -->
  <system-out/>
  <testcase name="logoValidation" time="0.000" classname="com.class01.TitleLoginAndLogo">
    <skipped/>
  </testcase> <!-- logoValidation -->
  <system-out/>
</testsuite> <!-- com.class01.TitleLoginAndLogo -->
